<?xml version="1.0" encoding="UTF-8"?>
<!-- Generated by org.testng.reporters.JUnitXMLReporter -->
<testsuite hostname="R847805-W10" ignored="0" name="Test" tests="4" failures="0" timestamp="2021-02-06T17:44:43 IST" time="0.064" errors="0">
  <testcase name="FamilyCar" time="0.011" classname="Basic.Automobile"/>
  <testcase name="SportsBike" time="0.002" classname="Basic.Automobile"/>
  <testcase name="SportsCar" time="0.002" classname="Basic.Automobile"/>
  <testcase name="Truck" time="0.001" classname="Basic.Automobile"/>
</testsuite> <!-- Test -->
