<?xml version="1.0" encoding="UTF-8"?>
<!-- Generated by org.testng.reporters.JUnitXMLReporter -->
<testsuite hostname="R847805-W10" ignored="0" name="Test" tests="4" failures="0" timestamp="2021-02-14T19:29:37 IST" time="50.94" errors="0">
  <testcase name="basePageNavigation" time="0.096" classname="Academy.E2E_Framework.ValidateNavigation"/>
  <testcase name="basePageNavigation" time="11.812" classname="Academy.E2E_Framework.HomePage"/>
  <testcase name="basePageNavigation" time="11.244" classname="Academy.E2E_Framework.HomePage"/>
  <testcase name="basePageNavigation" time="0.068" classname="Academy.E2E_Framework.ValidateTitles"/>
</testsuite> <!-- Test -->
