<?xml version="1.0" encoding="UTF-8"?>
<!-- Generated by org.testng.reporters.JUnitXMLReporter -->
<testsuite hostname="R847805-W10" ignored="0" name="ValidateTitles" tests="1" failures="1" timestamp="2021-02-15T22:39:22 IST" time="13.214" errors="0">
  <testcase name="basePageNavigation" time="0.032" classname="Academy.E2E_Framework.ValidateTitles">
    <failure type="java.lang.AssertionError" message="expected [FEATURED COURSES test] but found [FEATURED COURSES]">
      <![CDATA[java.lang.AssertionError: expected [FEATURED COURSES test] but found [FEATURED COURSES]
at Academy.E2E_Framework.ValidateTitles.basePageNavigation(ValidateTitles.java:36)
at java.util.ArrayList.forEach(Unknown Source)
... Removed 33 stack frames]]>
    </failure>
  </testcase> <!-- basePageNavigation -->
</testsuite> <!-- ValidateTitles -->
