<?xml version="1.0" encoding="UTF-8"?>
<!-- Generated by org.testng.reporters.JUnitXMLReporter -->
<testsuite hostname="R847805-W10" ignored="12" name="Regression test cases " tests="3" failures="0" timestamp="2021-02-06T18:02:50 IST" time="0.05" errors="0">
  <testcase name="method1" time="0.009" classname="Basic.test"/>
  <testcase name="testerA" time="0.001" classname="Basic.test4"/>
  <testcase name="SportsCar" time="0.002" classname="Basic.Automobile"/>
  <testcase name="Demo2" time="0.0" classname="Basic.test2">
    <ignored/>
  </testcase> <!-- Demo2 -->
  <testcase name="WebLogin" time="0.0" classname="Basic.test3">
    <ignored/>
  </testcase> <!-- WebLogin -->
  <testcase name="APILogin" time="0.0" classname="Basic.test3">
    <ignored/>
  </testcase> <!-- APILogin -->
  <testcase name="testerW" time="0.0" classname="Basic.test4">
    <ignored/>
  </testcase> <!-- testerW -->
  <testcase name="Business" time="0.0" classname="Basic.test4">
    <ignored/>
  </testcase> <!-- Business -->
  <testcase name="Truck" time="0.0" classname="Basic.Automobile">
    <ignored/>
  </testcase> <!-- Truck -->
  <testcase name="Demo" time="0.0" classname="Basic.test">
    <ignored/>
  </testcase> <!-- Demo -->
  <testcase name="Dev" time="0.0" classname="Basic.test4">
    <ignored/>
  </testcase> <!-- Dev -->
  <testcase name="SportsBike" time="0.0" classname="Basic.Automobile">
    <ignored/>
  </testcase> <!-- SportsBike -->
  <testcase name="MobileLogin" time="0.0" classname="Basic.test3">
    <ignored/>
  </testcase> <!-- MobileLogin -->
  <testcase name="testerM" time="0.0" classname="Basic.test4">
    <ignored/>
  </testcase> <!-- testerM -->
  <testcase name="FamilyCar" time="0.0" classname="Basic.Automobile">
    <ignored/>
  </testcase> <!-- FamilyCar -->
</testsuite> <!-- Regression test cases  -->
