<?xml version="1.0" encoding="UTF-8"?>
<!-- Generated by org.testng.reporters.JUnitXMLReporter -->
<testsuite hostname="R847805-W10" ignored="0" name="Test" tests="7" failures="0" timestamp="2021-02-08T18:31:28 IST" time="0.087" errors="0">
  <testcase name="WebApplication" time="0.011" classname="QAclickAcademy.Mavenjava.SeleniumTest"/>
  <testcase name="browseautomation" time="0.002" classname="QAclickAcademy.Mavenjava.SeleniumTest"/>
  <testcase name="googleAPI" time="0.003" classname="QAclickAcademy.Mavenjava.RESTApiTest"/>
  <testcase name="postjiraAPI" time="0.002" classname="QAclickAcademy.Mavenjava.RESTApiTest"/>
  <testcase name="Android" time="0.001" classname="QAclickAcademy.Mavenjava.AppiumTest"/>
  <testcase name="IOs" time="0.001" classname="QAclickAcademy.Mavenjava.AppiumTest"/>
  <testcase name="MobileApp" time="0.001" classname="QAclickAcademy.Mavenjava.AppiumTest"/>
</testsuite> <!-- Test -->
