<?xml version="1.0" encoding="UTF-8"?>
<!-- Generated by org.testng.reporters.JUnitXMLReporter -->
<testsuite hostname="R847805-W10" ignored="1" name="Test4" tests="4" failures="0" timestamp="2021-02-05T18:55:12 IST" time="0.011" errors="0">
  <testcase name="Business" time="0.001" classname="Basic.test4"/>
  <testcase name="Dev" time="0.0" classname="Basic.test4"/>
  <testcase name="testerM" time="0.001" classname="Basic.test4"/>
  <testcase name="testerW" time="0.002" classname="Basic.test4"/>
  <testcase name="testerA" time="0.0" classname="Basic.test4">
    <ignored/>
  </testcase> <!-- testerA -->
</testsuite> <!-- Test4 -->
