<?xml version="1.0" encoding="UTF-8"?>
<!-- Generated by org.testng.reporters.JUnitXMLReporter -->
<testsuite hostname="R847805-W10" ignored="3" name="Test" tests="8" failures="0" timestamp="2021-02-05T18:55:12 IST" time="0.051" errors="0">
  <testcase name="Demo" time="0.007" classname="Basic.test"/>
  <testcase name="method1" time="0.001" classname="Basic.test"/>
  <testcase name="Demo2" time="0.001" classname="Basic.test2"/>
  <testcase name="WebLogin" time="0.001" classname="Basic.test3"/>
  <testcase name="Business" time="0.001" classname="Basic.test4"/>
  <testcase name="testerA" time="0.002" classname="Basic.test4"/>
  <testcase name="testerM" time="0.001" classname="Basic.test4"/>
  <testcase name="testerW" time="0.001" classname="Basic.test4"/>
  <testcase name="APILogin" time="0.0" classname="Basic.test3">
    <ignored/>
  </testcase> <!-- APILogin -->
  <testcase name="Dev" time="0.0" classname="Basic.test4">
    <ignored/>
  </testcase> <!-- Dev -->
  <testcase name="MobileLogin" time="0.0" classname="Basic.test3">
    <ignored/>
  </testcase> <!-- MobileLogin -->
</testsuite> <!-- Test -->
