<?xml version="1.0" encoding="UTF-8"?>
<!-- Generated by org.testng.reporters.JUnitXMLReporter -->
<testsuite hostname="R847805-W10" ignored="1" name="Automobilecompany" tests="4" failures="1" timestamp="2021-02-07T01:42:00 IST" time="0.128" errors="0">
  <testcase name="ASportsCar" time="0.017" classname="Basic.Automobile"/>
  <testcase name="CTruck" time="0.003" classname="Basic.Automobile"/>
  <testcase name="Edummy" time="0.008" classname="Basic.Automobile">
    <failure type="java.lang.AssertionError" message="expected [true] but found [false]">
      <![CDATA[java.lang.AssertionError: expected [true] but found [false]
at Basic.Automobile.Edummy(Automobile.java:51)
at java.util.ArrayList.forEach(Unknown Source)
... Removed 31 stack frames]]>
    </failure>
  </testcase> <!-- Edummy -->
  <testcase name="DSportsBike" time="0.002" classname="Basic.Automobile"/>
  <testcase name="BFamilyCar" time="0.0" classname="Basic.Automobile">
    <ignored/>
  </testcase> <!-- BFamilyCar -->
</testsuite> <!-- Automobilecompany -->
