<?xml version="1.0" encoding="UTF-8"?>
<!-- Generated by org.testng.reporters.JUnitXMLReporter -->
<testsuite hostname="R847805-W10" ignored="0" name="humantypes" tests="7" failures="0" timestamp="2021-02-07T01:42:01 IST" time="0.049" errors="0">
  <testcase name="African" time="0.003" classname="Basic.Person"/>
  <testcase name="Americian" time="0.003" classname="Basic.Person"/>
  <testcase name="Asian" time="0.002" classname="Basic.Person"/>
  <testcase name="Europians" time="0.001" classname="Basic.Person"/>
  <testcase name="logindetails" time="0.004" classname="Basic.Person"/>
  <testcase name="logindetails" time="0.003" classname="Basic.Person"/>
  <testcase name="logindetails" time="0.003" classname="Basic.Person"/>
</testsuite> <!-- humantypes -->
