<?xml version="1.0" encoding="UTF-8"?>
<!-- Generated by org.testng.reporters.JUnitXMLReporter -->
<testsuite hostname="R847805-W10" name="Test" tests="4" failures="0" timestamp="14 Feb 2021 13:55:50 GMT" time="63.278" errors="0">
  <testcase name="basePageNavigation" time="0.076" classname="Academy.E2E_Framework.ValidateNavigation"/>
  <testcase name="basePageNavigation" time="14.178" classname="Academy.E2E_Framework.HomePage"/>
  <testcase name="basePageNavigation" time="13.808" classname="Academy.E2E_Framework.HomePage"/>
  <testcase name="basePageNavigation" time="0.057" classname="Academy.E2E_Framework.ValidateTitles"/>
</testsuite> <!-- Test -->
