<?xml version="1.0" encoding="UTF-8"?>
<testng-results skipped="0" failed="0" ignored="0" total="1" passed="1">
  <reporter-output>
  </reporter-output>
  <suite name="Default suite" duration-ms="17865" started-at="2021-02-12T21:32:27 IST" finished-at="2021-02-12T21:32:45 IST">
    <groups>
    </groups>
    <test name="Default test" duration-ms="17865" started-at="2021-02-12T21:32:27 IST" finished-at="2021-02-12T21:32:45 IST">
      <class name="TestCases.LoginFeature">
        <test-method status="PASS" signature="login()[pri:0, instance:TestCases.LoginFeature@1e8ab90f]" name="login" duration-ms="17796" started-at="2021-02-12T21:32:27 IST" finished-at="2021-02-12T21:32:45 IST">
          <reporter-output>
          </reporter-output>
        </test-method> <!-- login -->
      </class> <!-- TestCases.LoginFeature -->
    </test> <!-- Default test -->
  </suite> <!-- Default suite -->
</testng-results>
