<?xml version="1.0" encoding="UTF-8"?>
<testng-results skipped="0" failed="0" ignored="0" total="7" passed="7">
  <reporter-output>
  </reporter-output>
  <suite name="Suite" duration-ms="87" started-at="2021-02-08T18:31:28 IST" finished-at="2021-02-08T18:31:28 IST">
    <groups>
    </groups>
    <test name="Test" duration-ms="87" started-at="2021-02-08T18:31:28 IST" finished-at="2021-02-08T18:31:28 IST">
      <class name="QAclickAcademy.Mavenjava.RESTApiTest">
        <test-method status="PASS" signature="googleAPI()[pri:0, instance:QAclickAcademy.Mavenjava.RESTApiTest@528931cf]" name="googleAPI" duration-ms="3" started-at="2021-02-08T18:31:28 IST" finished-at="2021-02-08T18:31:28 IST">
          <reporter-output>
          </reporter-output>
        </test-method> <!-- googleAPI -->
        <test-method status="PASS" signature="postjiraAPI()[pri:0, instance:QAclickAcademy.Mavenjava.RESTApiTest@528931cf]" name="postjiraAPI" duration-ms="2" started-at="2021-02-08T18:31:28 IST" finished-at="2021-02-08T18:31:28 IST">
          <reporter-output>
          </reporter-output>
        </test-method> <!-- postjiraAPI -->
      </class> <!-- QAclickAcademy.Mavenjava.RESTApiTest -->
      <class name="QAclickAcademy.Mavenjava.SeleniumTest">
        <test-method status="PASS" signature="WebApplication()[pri:0, instance:QAclickAcademy.Mavenjava.SeleniumTest@5faeada1]" name="WebApplication" duration-ms="11" started-at="2021-02-08T18:31:28 IST" finished-at="2021-02-08T18:31:28 IST">
          <reporter-output>
          </reporter-output>
        </test-method> <!-- WebApplication -->
        <test-method status="PASS" signature="browseautomation()[pri:0, instance:QAclickAcademy.Mavenjava.SeleniumTest@5faeada1]" name="browseautomation" duration-ms="2" started-at="2021-02-08T18:31:28 IST" finished-at="2021-02-08T18:31:28 IST">
          <reporter-output>
          </reporter-output>
        </test-method> <!-- browseautomation -->
      </class> <!-- QAclickAcademy.Mavenjava.SeleniumTest -->
      <class name="QAclickAcademy.Mavenjava.AppiumTest">
        <test-method status="PASS" signature="Android()[pri:0, instance:QAclickAcademy.Mavenjava.AppiumTest@ea1a8d5]" name="Android" duration-ms="1" started-at="2021-02-08T18:31:28 IST" finished-at="2021-02-08T18:31:28 IST">
          <reporter-output>
          </reporter-output>
        </test-method> <!-- Android -->
        <test-method status="PASS" signature="IOs()[pri:0, instance:QAclickAcademy.Mavenjava.AppiumTest@ea1a8d5]" name="IOs" duration-ms="1" started-at="2021-02-08T18:31:28 IST" finished-at="2021-02-08T18:31:28 IST">
          <reporter-output>
          </reporter-output>
        </test-method> <!-- IOs -->
        <test-method status="PASS" signature="MobileApp()[pri:0, instance:QAclickAcademy.Mavenjava.AppiumTest@ea1a8d5]" name="MobileApp" duration-ms="1" started-at="2021-02-08T18:31:28 IST" finished-at="2021-02-08T18:31:28 IST">
          <reporter-output>
          </reporter-output>
        </test-method> <!-- MobileApp -->
      </class> <!-- QAclickAcademy.Mavenjava.AppiumTest -->
    </test> <!-- Test -->
  </suite> <!-- Suite -->
</testng-results>
