<?xml version="1.0" encoding="UTF-8"?>
<testng-results skipped="0" failed="0" ignored="0" total="1" passed="1">
  <reporter-output>
  </reporter-output>
  <suite name="Default suite" duration-ms="31" started-at="2021-02-07T12:12:54 IST" finished-at="2021-02-07T12:12:54 IST">
    <groups>
    </groups>
    <test name="Default test" duration-ms="31" started-at="2021-02-07T12:12:54 IST" finished-at="2021-02-07T12:12:54 IST">
      <class name="Section21.Globalvalues">
        <test-method status="PASS" signature="variables()[pri:0, instance:Section21.Globalvalues@7d907bac]" name="variables" duration-ms="16" started-at="2021-02-07T12:12:54 IST" finished-at="2021-02-07T12:12:54 IST">
          <reporter-output>
          </reporter-output>
        </test-method> <!-- variables -->
      </class> <!-- Section21.Globalvalues -->
    </test> <!-- Default test -->
  </suite> <!-- Default suite -->
</testng-results>
